<?xml version="1.0" encoding="UTF-8"?>
<testsuite xmlns:xsi="http://www.w3.org/2001/XMLSchema-instance" xsi:noNamespaceSchemaLocation="https://maven.apache.org/surefire/maven-surefire-plugin/xsd/surefire-test-report.xsd" name="com.example.ejemplo_proxy.EjemploProxyApplicationTests" time="14.079" tests="1" errors="0" skipped="0" failures="0">
  <properties>
    <property name="sun.desktop" value="windows"/>
    <property name="awt.toolkit" value="sun.awt.windows.WToolkit"/>
    <property name="file.encoding.pkg" value="sun.io"/>
    <property name="java.specification.version" value="1.8"/>
    <property name="sun.cpu.isalist" value="amd64"/>
    <property name="sun.jnu.encoding" value="Cp1252"/>
    <property name="java.class.path" value="C:\Users\Jair\Documents\PruebasMeLi\ejemplo_proxy\target\test-classes;C:\Users\Jair\Documents\PruebasMeLi\ejemplo_proxy\target\classes;C:\Users\Jair\.m2\repository\org\springframework\boot\spring-boot-starter-web\2.3.7.RELEASE\spring-boot-starter-web-2.3.7.RELEASE.jar;C:\Users\Jair\.m2\repository\org\springframework\boot\spring-boot-starter\2.3.7.RELEASE\spring-boot-starter-2.3.7.RELEASE.jar;C:\Users\Jair\.m2\repository\org\springframework\boot\spring-boot\2.3.7.RELEASE\spring-boot-2.3.7.RELEASE.jar;C:\Users\Jair\.m2\repository\org\springframework\boot\spring-boot-autoconfigure\2.3.7.RELEASE\spring-boot-autoconfigure-2.3.7.RELEASE.jar;C:\Users\Jair\.m2\repository\org\springframework\boot\spring-boot-starter-logging\2.3.7.RELEASE\spring-boot-starter-logging-2.3.7.RELEASE.jar;C:\Users\Jair\.m2\repository\ch\qos\logback\logback-classic\1.2.3\logback-classic-1.2.3.jar;C:\Users\Jair\.m2\repository\ch\qos\logback\logback-core\1.2.3\logback-core-1.2.3.jar;C:\Users\Jair\.m2\repository\org\apache\logging\log4j\log4j-to-slf4j\2.13.3\log4j-to-slf4j-2.13.3.jar;C:\Users\Jair\.m2\repository\org\slf4j\jul-to-slf4j\1.7.30\jul-to-slf4j-1.7.30.jar;C:\Users\Jair\.m2\repository\jakarta\annotation\jakarta.annotation-api\1.3.5\jakarta.annotation-api-1.3.5.jar;C:\Users\Jair\.m2\repository\org\yaml\snakeyaml\1.26\snakeyaml-1.26.jar;C:\Users\Jair\.m2\repository\org\springframework\boot\spring-boot-starter-json\2.3.7.RELEASE\spring-boot-starter-json-2.3.7.RELEASE.jar;C:\Users\Jair\.m2\repository\com\fasterxml\jackson\datatype\jackson-datatype-jdk8\2.11.3\jackson-datatype-jdk8-2.11.3.jar;C:\Users\Jair\.m2\repository\com\fasterxml\jackson\datatype\jackson-datatype-jsr310\2.11.3\jackson-datatype-jsr310-2.11.3.jar;C:\Users\Jair\.m2\repository\com\fasterxml\jackson\module\jackson-module-parameter-names\2.11.3\jackson-module-parameter-names-2.11.3.jar;C:\Users\Jair\.m2\repository\org\springframework\boot\spring-boot-starter-tomcat\2.3.7.RELEASE\spring-boot-starter-tomcat-2.3.7.RELEASE.jar;C:\Users\Jair\.m2\repository\org\apache\tomcat\embed\tomcat-embed-core\9.0.41\tomcat-embed-core-9.0.41.jar;C:\Users\Jair\.m2\repository\org\glassfish\jakarta.el\3.0.3\jakarta.el-3.0.3.jar;C:\Users\Jair\.m2\repository\org\apache\tomcat\embed\tomcat-embed-websocket\9.0.41\tomcat-embed-websocket-9.0.41.jar;C:\Users\Jair\.m2\repository\org\springframework\spring-web\5.2.12.RELEASE\spring-web-5.2.12.RELEASE.jar;C:\Users\Jair\.m2\repository\org\springframework\spring-beans\5.2.12.RELEASE\spring-beans-5.2.12.RELEASE.jar;C:\Users\Jair\.m2\repository\org\springframework\spring-webmvc\5.2.12.RELEASE\spring-webmvc-5.2.12.RELEASE.jar;C:\Users\Jair\.m2\repository\org\springframework\spring-aop\5.2.12.RELEASE\spring-aop-5.2.12.RELEASE.jar;C:\Users\Jair\.m2\repository\org\springframework\spring-expression\5.2.12.RELEASE\spring-expression-5.2.12.RELEASE.jar;C:\Users\Jair\.m2\repository\org\springframework\cloud\spring-cloud-starter-netflix-zuul\2.2.6.RELEASE\spring-cloud-starter-netflix-zuul-2.2.6.RELEASE.jar;C:\Users\Jair\.m2\repository\org\springframework\cloud\spring-cloud-netflix-zuul\2.2.6.RELEASE\spring-cloud-netflix-zuul-2.2.6.RELEASE.jar;C:\Users\Jair\.m2\repository\org\springframework\cloud\spring-cloud-netflix-hystrix\2.2.6.RELEASE\spring-cloud-netflix-hystrix-2.2.6.RELEASE.jar;C:\Users\Jair\.m2\repository\org\springframework\boot\spring-boot-starter-aop\2.3.7.RELEASE\spring-boot-starter-aop-2.3.7.RELEASE.jar;C:\Users\Jair\.m2\repository\org\apache\httpcomponents\httpclient\4.5.13\httpclient-4.5.13.jar;C:\Users\Jair\.m2\repository\org\apache\httpcomponents\httpcore\4.4.14\httpcore-4.4.14.jar;C:\Users\Jair\.m2\repository\commons-codec\commons-codec\1.14\commons-codec-1.14.jar;C:\Users\Jair\.m2\repository\com\netflix\netflix-commons\netflix-commons-util\0.3.0\netflix-commons-util-0.3.0.jar;C:\Users\Jair\.m2\repository\javax\inject\javax.inject\1\javax.inject-1.jar;C:\Users\Jair\.m2\repository\org\springframework\cloud\spring-cloud-starter\2.2.6.RELEASE\spring-cloud-starter-2.2.6.RELEASE.jar;C:\Users\Jair\.m2\repository\org\springframework\cloud\spring-cloud-context\2.2.6.RELEASE\spring-cloud-context-2.2.6.RELEASE.jar;C:\Users\Jair\.m2\repository\org\springframework\security\spring-security-crypto\5.3.6.RELEASE\spring-security-crypto-5.3.6.RELEASE.jar;C:\Users\Jair\.m2\repository\org\springframework\cloud\spring-cloud-commons\2.2.6.RELEASE\spring-cloud-commons-2.2.6.RELEASE.jar;C:\Users\Jair\.m2\repository\org\springframework\security\spring-security-rsa\1.0.9.RELEASE\spring-security-rsa-1.0.9.RELEASE.jar;C:\Users\Jair\.m2\repository\org\bouncycastle\bcpkix-jdk15on\1.64\bcpkix-jdk15on-1.64.jar;C:\Users\Jair\.m2\repository\org\bouncycastle\bcprov-jdk15on\1.64\bcprov-jdk15on-1.64.jar;C:\Users\Jair\.m2\repository\org\springframework\boot\spring-boot-starter-actuator\2.3.7.RELEASE\spring-boot-starter-actuator-2.3.7.RELEASE.jar;C:\Users\Jair\.m2\repository\org\springframework\boot\spring-boot-actuator-autoconfigure\2.3.7.RELEASE\spring-boot-actuator-autoconfigure-2.3.7.RELEASE.jar;C:\Users\Jair\.m2\repository\org\springframework\boot\spring-boot-actuator\2.3.7.RELEASE\spring-boot-actuator-2.3.7.RELEASE.jar;C:\Users\Jair\.m2\repository\io\micrometer\micrometer-core\1.5.9\micrometer-core-1.5.9.jar;C:\Users\Jair\.m2\repository\org\hdrhistogram\HdrHistogram\2.1.12\HdrHistogram-2.1.12.jar;C:\Users\Jair\.m2\repository\org\latencyutils\LatencyUtils\2.0.3\LatencyUtils-2.0.3.jar;C:\Users\Jair\.m2\repository\org\springframework\cloud\spring-cloud-starter-netflix-hystrix\2.2.6.RELEASE\spring-cloud-starter-netflix-hystrix-2.2.6.RELEASE.jar;C:\Users\Jair\.m2\repository\org\springframework\cloud\spring-cloud-netflix-ribbon\2.2.6.RELEASE\spring-cloud-netflix-ribbon-2.2.6.RELEASE.jar;C:\Users\Jair\.m2\repository\com\netflix\hystrix\hystrix-core\1.5.18\hystrix-core-1.5.18.jar;C:\Users\Jair\.m2\repository\com\netflix\hystrix\hystrix-serialization\1.5.18\hystrix-serialization-1.5.18.jar;C:\Users\Jair\.m2\repository\com\fasterxml\jackson\module\jackson-module-afterburner\2.11.3\jackson-module-afterburner-2.11.3.jar;C:\Users\Jair\.m2\repository\com\netflix\hystrix\hystrix-metrics-event-stream\1.5.18\hystrix-metrics-event-stream-1.5.18.jar;C:\Users\Jair\.m2\repository\com\netflix\hystrix\hystrix-javanica\1.5.18\hystrix-javanica-1.5.18.jar;C:\Users\Jair\.m2\repository\org\apache\commons\commons-lang3\3.10\commons-lang3-3.10.jar;C:\Users\Jair\.m2\repository\org\ow2\asm\asm\5.0.4\asm-5.0.4.jar;C:\Users\Jair\.m2\repository\org\aspectj\aspectjweaver\1.9.6\aspectjweaver-1.9.6.jar;C:\Users\Jair\.m2\repository\com\google\guava\guava\29.0-jre\guava-29.0-jre.jar;C:\Users\Jair\.m2\repository\com\google\guava\failureaccess\1.0.1\failureaccess-1.0.1.jar;C:\Users\Jair\.m2\repository\com\google\guava\listenablefuture\9999.0-empty-to-avoid-conflict-with-guava\listenablefuture-9999.0-empty-to-avoid-conflict-with-guava.jar;C:\Users\Jair\.m2\repository\org\checkerframework\checker-qual\2.11.1\checker-qual-2.11.1.jar;C:\Users\Jair\.m2\repository\com\google\errorprone\error_prone_annotations\2.3.4\error_prone_annotations-2.3.4.jar;C:\Users\Jair\.m2\repository\com\google\j2objc\j2objc-annotations\1.3\j2objc-annotations-1.3.jar;C:\Users\Jair\.m2\repository\io\reactivex\rxjava-reactive-streams\1.2.1\rxjava-reactive-streams-1.2.1.jar;C:\Users\Jair\.m2\repository\org\reactivestreams\reactive-streams\1.0.3\reactive-streams-1.0.3.jar;C:\Users\Jair\.m2\repository\org\springframework\cloud\spring-cloud-starter-netflix-ribbon\2.2.6.RELEASE\spring-cloud-starter-netflix-ribbon-2.2.6.RELEASE.jar;C:\Users\Jair\.m2\repository\com\netflix\ribbon\ribbon\2.3.0\ribbon-2.3.0.jar;C:\Users\Jair\.m2\repository\com\netflix\ribbon\ribbon-transport\2.3.0\ribbon-transport-2.3.0.jar;C:\Users\Jair\.m2\repository\io\reactivex\rxnetty-contexts\0.4.9\rxnetty-contexts-0.4.9.jar;C:\Users\Jair\.m2\repository\io\reactivex\rxnetty-servo\0.4.9\rxnetty-servo-0.4.9.jar;C:\Users\Jair\.m2\repository\io\reactivex\rxnetty\0.4.9\rxnetty-0.4.9.jar;C:\Users\Jair\.m2\repository\com\netflix\ribbon\ribbon-core\2.3.0\ribbon-core-2.3.0.jar;C:\Users\Jair\.m2\repository\commons-lang\commons-lang\2.6\commons-lang-2.6.jar;C:\Users\Jair\.m2\repository\com\netflix\ribbon\ribbon-httpclient\2.3.0\ribbon-httpclient-2.3.0.jar;C:\Users\Jair\.m2\repository\commons-collections\commons-collections\3.2.2\commons-collections-3.2.2.jar;C:\Users\Jair\.m2\repository\com\sun\jersey\jersey-client\1.19.1\jersey-client-1.19.1.jar;C:\Users\Jair\.m2\repository\com\sun\jersey\jersey-core\1.19.1\jersey-core-1.19.1.jar;C:\Users\Jair\.m2\repository\javax\ws\rs\jsr311-api\1.1.1\jsr311-api-1.1.1.jar;C:\Users\Jair\.m2\repository\com\sun\jersey\contribs\jersey-apache-client4\1.19.1\jersey-apache-client4-1.19.1.jar;C:\Users\Jair\.m2\repository\com\netflix\ribbon\ribbon-loadbalancer\2.3.0\ribbon-loadbalancer-2.3.0.jar;C:\Users\Jair\.m2\repository\com\netflix\netflix-commons\netflix-statistics\0.1.1\netflix-statistics-0.1.1.jar;C:\Users\Jair\.m2\repository\io\reactivex\rxjava\1.3.8\rxjava-1.3.8.jar;C:\Users\Jair\.m2\repository\org\springframework\cloud\spring-cloud-starter-netflix-archaius\2.2.6.RELEASE\spring-cloud-starter-netflix-archaius-2.2.6.RELEASE.jar;C:\Users\Jair\.m2\repository\org\springframework\cloud\spring-cloud-netflix-archaius\2.2.6.RELEASE\spring-cloud-netflix-archaius-2.2.6.RELEASE.jar;C:\Users\Jair\.m2\repository\com\netflix\archaius\archaius-core\0.7.6\archaius-core-0.7.6.jar;C:\Users\Jair\.m2\repository\com\google\code\findbugs\jsr305\3.0.1\jsr305-3.0.1.jar;C:\Users\Jair\.m2\repository\commons-configuration\commons-configuration\1.8\commons-configuration-1.8.jar;C:\Users\Jair\.m2\repository\com\netflix\zuul\zuul-core\1.3.1\zuul-core-1.3.1.jar;C:\Users\Jair\.m2\repository\commons-io\commons-io\2.4\commons-io-2.4.jar;C:\Users\Jair\.m2\repository\com\netflix\servo\servo-core\0.12.21\servo-core-0.12.21.jar;C:\Users\Jair\.m2\repository\co\elastic\apm\apm-agent-attach\1.20.0\apm-agent-attach-1.20.0.jar;C:\Users\Jair\.m2\repository\net\java\dev\jna\jna\5.3.1\jna-5.3.1.jar;C:\Users\Jair\.m2\repository\net\java\dev\jna\jna-platform\5.3.1\jna-platform-5.3.1.jar;C:\Users\Jair\.m2\repository\org\springframework\data\spring-data-elasticsearch\4.3.0-M3\spring-data-elasticsearch-4.3.0-M3.jar;C:\Users\Jair\.m2\repository\org\springframework\spring-context\5.2.12.RELEASE\spring-context-5.2.12.RELEASE.jar;C:\Users\Jair\.m2\repository\org\springframework\spring-tx\5.2.12.RELEASE\spring-tx-5.2.12.RELEASE.jar;C:\Users\Jair\.m2\repository\org\springframework\data\spring-data-commons\2.3.6.RELEASE\spring-data-commons-2.3.6.RELEASE.jar;C:\Users\Jair\.m2\repository\org\elasticsearch\client\transport\7.6.2\transport-7.6.2.jar;C:\Users\Jair\.m2\repository\org\elasticsearch\elasticsearch\7.6.2\elasticsearch-7.6.2.jar;C:\Users\Jair\.m2\repository\org\elasticsearch\elasticsearch-core\7.6.2\elasticsearch-core-7.6.2.jar;C:\Users\Jair\.m2\repository\org\elasticsearch\elasticsearch-secure-sm\7.6.2\elasticsearch-secure-sm-7.6.2.jar;C:\Users\Jair\.m2\repository\org\elasticsearch\elasticsearch-x-content\7.6.2\elasticsearch-x-content-7.6.2.jar;C:\Users\Jair\.m2\repository\com\fasterxml\jackson\dataformat\jackson-dataformat-smile\2.11.3\jackson-dataformat-smile-2.11.3.jar;C:\Users\Jair\.m2\repository\com\fasterxml\jackson\dataformat\jackson-dataformat-yaml\2.11.3\jackson-dataformat-yaml-2.11.3.jar;C:\Users\Jair\.m2\repository\com\fasterxml\jackson\dataformat\jackson-dataformat-cbor\2.11.3\jackson-dataformat-cbor-2.11.3.jar;C:\Users\Jair\.m2\repository\org\elasticsearch\elasticsearch-geo\7.6.2\elasticsearch-geo-7.6.2.jar;C:\Users\Jair\.m2\repository\org\apache\lucene\lucene-core\8.4.0\lucene-core-8.4.0.jar;C:\Users\Jair\.m2\repository\org\apache\lucene\lucene-analyzers-common\8.4.0\lucene-analyzers-common-8.4.0.jar;C:\Users\Jair\.m2\repository\org\apache\lucene\lucene-backward-codecs\8.4.0\lucene-backward-codecs-8.4.0.jar;C:\Users\Jair\.m2\repository\org\apache\lucene\lucene-grouping\8.4.0\lucene-grouping-8.4.0.jar;C:\Users\Jair\.m2\repository\org\apache\lucene\lucene-highlighter\8.4.0\lucene-highlighter-8.4.0.jar;C:\Users\Jair\.m2\repository\org\apache\lucene\lucene-join\8.4.0\lucene-join-8.4.0.jar;C:\Users\Jair\.m2\repository\org\apache\lucene\lucene-memory\8.4.0\lucene-memory-8.4.0.jar;C:\Users\Jair\.m2\repository\org\apache\lucene\lucene-misc\8.4.0\lucene-misc-8.4.0.jar;C:\Users\Jair\.m2\repository\org\apache\lucene\lucene-queries\8.4.0\lucene-queries-8.4.0.jar;C:\Users\Jair\.m2\repository\org\apache\lucene\lucene-queryparser\8.4.0\lucene-queryparser-8.4.0.jar;C:\Users\Jair\.m2\repository\org\apache\lucene\lucene-sandbox\8.4.0\lucene-sandbox-8.4.0.jar;C:\Users\Jair\.m2\repository\org\apache\lucene\lucene-spatial\8.4.0\lucene-spatial-8.4.0.jar;C:\Users\Jair\.m2\repository\org\apache\lucene\lucene-spatial-extras\8.4.0\lucene-spatial-extras-8.4.0.jar;C:\Users\Jair\.m2\repository\org\apache\lucene\lucene-spatial3d\8.4.0\lucene-spatial3d-8.4.0.jar;C:\Users\Jair\.m2\repository\org\apache\lucene\lucene-suggest\8.4.0\lucene-suggest-8.4.0.jar;C:\Users\Jair\.m2\repository\org\elasticsearch\elasticsearch-cli\7.6.2\elasticsearch-cli-7.6.2.jar;C:\Users\Jair\.m2\repository\net\sf\jopt-simple\jopt-simple\5.0.2\jopt-simple-5.0.2.jar;C:\Users\Jair\.m2\repository\com\carrotsearch\hppc\0.8.1\hppc-0.8.1.jar;C:\Users\Jair\.m2\repository\joda-time\joda-time\2.10.4\joda-time-2.10.4.jar;C:\Users\Jair\.m2\repository\com\tdunning\t-digest\3.2\t-digest-3.2.jar;C:\Users\Jair\.m2\repository\org\apache\logging\log4j\log4j-api\2.13.3\log4j-api-2.13.3.jar;C:\Users\Jair\.m2\repository\org\elasticsearch\jna\4.5.1\jna-4.5.1.jar;C:\Users\Jair\.m2\repository\org\elasticsearch\plugin\reindex-client\7.6.2\reindex-client-7.6.2.jar;C:\Users\Jair\.m2\repository\org\elasticsearch\elasticsearch-ssl-config\7.6.2\elasticsearch-ssl-config-7.6.2.jar;C:\Users\Jair\.m2\repository\org\elasticsearch\plugin\lang-mustache-client\7.6.2\lang-mustache-client-7.6.2.jar;C:\Users\Jair\.m2\repository\com\github\spullara\mustache\java\compiler\0.9.6\compiler-0.9.6.jar;C:\Users\Jair\.m2\repository\org\elasticsearch\plugin\percolator-client\7.6.2\percolator-client-7.6.2.jar;C:\Users\Jair\.m2\repository\org\elasticsearch\plugin\parent-join-client\7.6.2\parent-join-client-7.6.2.jar;C:\Users\Jair\.m2\repository\org\elasticsearch\plugin\rank-eval-client\7.6.2\rank-eval-client-7.6.2.jar;C:\Users\Jair\.m2\repository\org\elasticsearch\plugin\transport-netty4-client\7.6.2\transport-netty4-client-7.6.2.jar;C:\Users\Jair\.m2\repository\io\netty\netty-buffer\4.1.55.Final\netty-buffer-4.1.55.Final.jar;C:\Users\Jair\.m2\repository\io\netty\netty-codec\4.1.55.Final\netty-codec-4.1.55.Final.jar;C:\Users\Jair\.m2\repository\io\netty\netty-codec-http\4.1.55.Final\netty-codec-http-4.1.55.Final.jar;C:\Users\Jair\.m2\repository\io\netty\netty-common\4.1.55.Final\netty-common-4.1.55.Final.jar;C:\Users\Jair\.m2\repository\io\netty\netty-handler\4.1.55.Final\netty-handler-4.1.55.Final.jar;C:\Users\Jair\.m2\repository\io\netty\netty-resolver\4.1.55.Final\netty-resolver-4.1.55.Final.jar;C:\Users\Jair\.m2\repository\io\netty\netty-transport\4.1.55.Final\netty-transport-4.1.55.Final.jar;C:\Users\Jair\.m2\repository\org\elasticsearch\client\elasticsearch-rest-high-level-client\7.6.2\elasticsearch-rest-high-level-client-7.6.2.jar;C:\Users\Jair\.m2\repository\org\elasticsearch\client\elasticsearch-rest-client\7.6.2\elasticsearch-rest-client-7.6.2.jar;C:\Users\Jair\.m2\repository\org\apache\httpcomponents\httpasyncclient\4.1.4\httpasyncclient-4.1.4.jar;C:\Users\Jair\.m2\repository\org\apache\httpcomponents\httpcore-nio\4.4.14\httpcore-nio-4.4.14.jar;C:\Users\Jair\.m2\repository\org\elasticsearch\plugin\mapper-extras-client\7.6.2\mapper-extras-client-7.6.2.jar;C:\Users\Jair\.m2\repository\org\elasticsearch\plugin\aggs-matrix-stats-client\7.6.2\aggs-matrix-stats-client-7.6.2.jar;C:\Users\Jair\.m2\repository\com\fasterxml\jackson\core\jackson-core\2.11.3\jackson-core-2.11.3.jar;C:\Users\Jair\.m2\repository\com\fasterxml\jackson\core\jackson-databind\2.11.3\jackson-databind-2.11.3.jar;C:\Users\Jair\.m2\repository\com\fasterxml\jackson\core\jackson-annotations\2.11.3\jackson-annotations-2.11.3.jar;C:\Users\Jair\.m2\repository\org\slf4j\slf4j-api\1.7.30\slf4j-api-1.7.30.jar;C:\Users\Jair\.m2\repository\org\projectlombok\lombok\1.18.20\lombok-1.18.20.jar;C:\Users\Jair\.m2\repository\org\springframework\boot\spring-boot-starter-test\2.3.7.RELEASE\spring-boot-starter-test-2.3.7.RELEASE.jar;C:\Users\Jair\.m2\repository\org\springframework\boot\spring-boot-test\2.3.7.RELEASE\spring-boot-test-2.3.7.RELEASE.jar;C:\Users\Jair\.m2\repository\org\springframework\boot\spring-boot-test-autoconfigure\2.3.7.RELEASE\spring-boot-test-autoconfigure-2.3.7.RELEASE.jar;C:\Users\Jair\.m2\repository\com\jayway\jsonpath\json-path\2.4.0\json-path-2.4.0.jar;C:\Users\Jair\.m2\repository\net\minidev\json-smart\2.3\json-smart-2.3.jar;C:\Users\Jair\.m2\repository\net\minidev\accessors-smart\1.2\accessors-smart-1.2.jar;C:\Users\Jair\.m2\repository\jakarta\xml\bind\jakarta.xml.bind-api\2.3.3\jakarta.xml.bind-api-2.3.3.jar;C:\Users\Jair\.m2\repository\jakarta\activation\jakarta.activation-api\1.2.2\jakarta.activation-api-1.2.2.jar;C:\Users\Jair\.m2\repository\org\assertj\assertj-core\3.16.1\assertj-core-3.16.1.jar;C:\Users\Jair\.m2\repository\org\hamcrest\hamcrest\2.2\hamcrest-2.2.jar;C:\Users\Jair\.m2\repository\org\junit\jupiter\junit-jupiter\5.6.3\junit-jupiter-5.6.3.jar;C:\Users\Jair\.m2\repository\org\junit\jupiter\junit-jupiter-api\5.6.3\junit-jupiter-api-5.6.3.jar;C:\Users\Jair\.m2\repository\org\apiguardian\apiguardian-api\1.1.0\apiguardian-api-1.1.0.jar;C:\Users\Jair\.m2\repository\org\opentest4j\opentest4j\1.2.0\opentest4j-1.2.0.jar;C:\Users\Jair\.m2\repository\org\junit\platform\junit-platform-commons\1.6.3\junit-platform-commons-1.6.3.jar;C:\Users\Jair\.m2\repository\org\junit\jupiter\junit-jupiter-params\5.6.3\junit-jupiter-params-5.6.3.jar;C:\Users\Jair\.m2\repository\org\junit\jupiter\junit-jupiter-engine\5.6.3\junit-jupiter-engine-5.6.3.jar;C:\Users\Jair\.m2\repository\org\junit\platform\junit-platform-engine\1.6.3\junit-platform-engine-1.6.3.jar;C:\Users\Jair\.m2\repository\org\mockito\mockito-core\3.3.3\mockito-core-3.3.3.jar;C:\Users\Jair\.m2\repository\net\bytebuddy\byte-buddy\1.10.18\byte-buddy-1.10.18.jar;C:\Users\Jair\.m2\repository\net\bytebuddy\byte-buddy-agent\1.10.18\byte-buddy-agent-1.10.18.jar;C:\Users\Jair\.m2\repository\org\objenesis\objenesis\2.6\objenesis-2.6.jar;C:\Users\Jair\.m2\repository\org\mockito\mockito-junit-jupiter\3.3.3\mockito-junit-jupiter-3.3.3.jar;C:\Users\Jair\.m2\repository\org\skyscreamer\jsonassert\1.5.0\jsonassert-1.5.0.jar;C:\Users\Jair\.m2\repository\com\vaadin\external\google\android-json\0.0.20131108.vaadin1\android-json-0.0.20131108.vaadin1.jar;C:\Users\Jair\.m2\repository\org\springframework\spring-core\5.2.12.RELEASE\spring-core-5.2.12.RELEASE.jar;C:\Users\Jair\.m2\repository\org\springframework\spring-jcl\5.2.12.RELEASE\spring-jcl-5.2.12.RELEASE.jar;C:\Users\Jair\.m2\repository\org\springframework\spring-test\5.2.12.RELEASE\spring-test-5.2.12.RELEASE.jar;C:\Users\Jair\.m2\repository\org\xmlunit\xmlunit-core\2.7.0\xmlunit-core-2.7.0.jar;"/>
    <property name="java.vm.vendor" value="Oracle Corporation"/>
    <property name="sun.arch.data.model" value="64"/>
    <property name="user.variant" value=""/>
    <property name="java.vendor.url" value="http://java.oracle.com/"/>
    <property name="user.timezone" value="America/Bogota"/>
    <property name="java.vm.specification.version" value="1.8"/>
    <property name="os.name" value="Windows 10"/>
    <property name="sun.java.launcher" value="SUN_STANDARD"/>
    <property name="user.country" value="CO"/>
    <property name="sun.boot.library.path" value="C:\Program Files\Java\jdk1.8.0_291\jre\bin"/>
    <property name="sun.java.command" value="C:\Users\Jair\AppData\Local\Temp\surefire1084504514649097583\surefirebooter4702446977299475436.jar C:\Users\Jair\AppData\Local\Temp\surefire1084504514649097583 2021-10-06T01-03-33_847-jvmRun1 surefire2803120375426497246tmp surefire_03591900013828170143tmp"/>
    <property name="surefire.test.class.path" value="C:\Users\Jair\Documents\PruebasMeLi\ejemplo_proxy\target\test-classes;C:\Users\Jair\Documents\PruebasMeLi\ejemplo_proxy\target\classes;C:\Users\Jair\.m2\repository\org\springframework\boot\spring-boot-starter-web\2.3.7.RELEASE\spring-boot-starter-web-2.3.7.RELEASE.jar;C:\Users\Jair\.m2\repository\org\springframework\boot\spring-boot-starter\2.3.7.RELEASE\spring-boot-starter-2.3.7.RELEASE.jar;C:\Users\Jair\.m2\repository\org\springframework\boot\spring-boot\2.3.7.RELEASE\spring-boot-2.3.7.RELEASE.jar;C:\Users\Jair\.m2\repository\org\springframework\boot\spring-boot-autoconfigure\2.3.7.RELEASE\spring-boot-autoconfigure-2.3.7.RELEASE.jar;C:\Users\Jair\.m2\repository\org\springframework\boot\spring-boot-starter-logging\2.3.7.RELEASE\spring-boot-starter-logging-2.3.7.RELEASE.jar;C:\Users\Jair\.m2\repository\ch\qos\logback\logback-classic\1.2.3\logback-classic-1.2.3.jar;C:\Users\Jair\.m2\repository\ch\qos\logback\logback-core\1.2.3\logback-core-1.2.3.jar;C:\Users\Jair\.m2\repository\org\apache\logging\log4j\log4j-to-slf4j\2.13.3\log4j-to-slf4j-2.13.3.jar;C:\Users\Jair\.m2\repository\org\slf4j\jul-to-slf4j\1.7.30\jul-to-slf4j-1.7.30.jar;C:\Users\Jair\.m2\repository\jakarta\annotation\jakarta.annotation-api\1.3.5\jakarta.annotation-api-1.3.5.jar;C:\Users\Jair\.m2\repository\org\yaml\snakeyaml\1.26\snakeyaml-1.26.jar;C:\Users\Jair\.m2\repository\org\springframework\boot\spring-boot-starter-json\2.3.7.RELEASE\spring-boot-starter-json-2.3.7.RELEASE.jar;C:\Users\Jair\.m2\repository\com\fasterxml\jackson\datatype\jackson-datatype-jdk8\2.11.3\jackson-datatype-jdk8-2.11.3.jar;C:\Users\Jair\.m2\repository\com\fasterxml\jackson\datatype\jackson-datatype-jsr310\2.11.3\jackson-datatype-jsr310-2.11.3.jar;C:\Users\Jair\.m2\repository\com\fasterxml\jackson\module\jackson-module-parameter-names\2.11.3\jackson-module-parameter-names-2.11.3.jar;C:\Users\Jair\.m2\repository\org\springframework\boot\spring-boot-starter-tomcat\2.3.7.RELEASE\spring-boot-starter-tomcat-2.3.7.RELEASE.jar;C:\Users\Jair\.m2\repository\org\apache\tomcat\embed\tomcat-embed-core\9.0.41\tomcat-embed-core-9.0.41.jar;C:\Users\Jair\.m2\repository\org\glassfish\jakarta.el\3.0.3\jakarta.el-3.0.3.jar;C:\Users\Jair\.m2\repository\org\apache\tomcat\embed\tomcat-embed-websocket\9.0.41\tomcat-embed-websocket-9.0.41.jar;C:\Users\Jair\.m2\repository\org\springframework\spring-web\5.2.12.RELEASE\spring-web-5.2.12.RELEASE.jar;C:\Users\Jair\.m2\repository\org\springframework\spring-beans\5.2.12.RELEASE\spring-beans-5.2.12.RELEASE.jar;C:\Users\Jair\.m2\repository\org\springframework\spring-webmvc\5.2.12.RELEASE\spring-webmvc-5.2.12.RELEASE.jar;C:\Users\Jair\.m2\repository\org\springframework\spring-aop\5.2.12.RELEASE\spring-aop-5.2.12.RELEASE.jar;C:\Users\Jair\.m2\repository\org\springframework\spring-expression\5.2.12.RELEASE\spring-expression-5.2.12.RELEASE.jar;C:\Users\Jair\.m2\repository\org\springframework\cloud\spring-cloud-starter-netflix-zuul\2.2.6.RELEASE\spring-cloud-starter-netflix-zuul-2.2.6.RELEASE.jar;C:\Users\Jair\.m2\repository\org\springframework\cloud\spring-cloud-netflix-zuul\2.2.6.RELEASE\spring-cloud-netflix-zuul-2.2.6.RELEASE.jar;C:\Users\Jair\.m2\repository\org\springframework\cloud\spring-cloud-netflix-hystrix\2.2.6.RELEASE\spring-cloud-netflix-hystrix-2.2.6.RELEASE.jar;C:\Users\Jair\.m2\repository\org\springframework\boot\spring-boot-starter-aop\2.3.7.RELEASE\spring-boot-starter-aop-2.3.7.RELEASE.jar;C:\Users\Jair\.m2\repository\org\apache\httpcomponents\httpclient\4.5.13\httpclient-4.5.13.jar;C:\Users\Jair\.m2\repository\org\apache\httpcomponents\httpcore\4.4.14\httpcore-4.4.14.jar;C:\Users\Jair\.m2\repository\commons-codec\commons-codec\1.14\commons-codec-1.14.jar;C:\Users\Jair\.m2\repository\com\netflix\netflix-commons\netflix-commons-util\0.3.0\netflix-commons-util-0.3.0.jar;C:\Users\Jair\.m2\repository\javax\inject\javax.inject\1\javax.inject-1.jar;C:\Users\Jair\.m2\repository\org\springframework\cloud\spring-cloud-starter\2.2.6.RELEASE\spring-cloud-starter-2.2.6.RELEASE.jar;C:\Users\Jair\.m2\repository\org\springframework\cloud\spring-cloud-context\2.2.6.RELEASE\spring-cloud-context-2.2.6.RELEASE.jar;C:\Users\Jair\.m2\repository\org\springframework\security\spring-security-crypto\5.3.6.RELEASE\spring-security-crypto-5.3.6.RELEASE.jar;C:\Users\Jair\.m2\repository\org\springframework\cloud\spring-cloud-commons\2.2.6.RELEASE\spring-cloud-commons-2.2.6.RELEASE.jar;C:\Users\Jair\.m2\repository\org\springframework\security\spring-security-rsa\1.0.9.RELEASE\spring-security-rsa-1.0.9.RELEASE.jar;C:\Users\Jair\.m2\repository\org\bouncycastle\bcpkix-jdk15on\1.64\bcpkix-jdk15on-1.64.jar;C:\Users\Jair\.m2\repository\org\bouncycastle\bcprov-jdk15on\1.64\bcprov-jdk15on-1.64.jar;C:\Users\Jair\.m2\repository\org\springframework\boot\spring-boot-starter-actuator\2.3.7.RELEASE\spring-boot-starter-actuator-2.3.7.RELEASE.jar;C:\Users\Jair\.m2\repository\org\springframework\boot\spring-boot-actuator-autoconfigure\2.3.7.RELEASE\spring-boot-actuator-autoconfigure-2.3.7.RELEASE.jar;C:\Users\Jair\.m2\repository\org\springframework\boot\spring-boot-actuator\2.3.7.RELEASE\spring-boot-actuator-2.3.7.RELEASE.jar;C:\Users\Jair\.m2\repository\io\micrometer\micrometer-core\1.5.9\micrometer-core-1.5.9.jar;C:\Users\Jair\.m2\repository\org\hdrhistogram\HdrHistogram\2.1.12\HdrHistogram-2.1.12.jar;C:\Users\Jair\.m2\repository\org\latencyutils\LatencyUtils\2.0.3\LatencyUtils-2.0.3.jar;C:\Users\Jair\.m2\repository\org\springframework\cloud\spring-cloud-starter-netflix-hystrix\2.2.6.RELEASE\spring-cloud-starter-netflix-hystrix-2.2.6.RELEASE.jar;C:\Users\Jair\.m2\repository\org\springframework\cloud\spring-cloud-netflix-ribbon\2.2.6.RELEASE\spring-cloud-netflix-ribbon-2.2.6.RELEASE.jar;C:\Users\Jair\.m2\repository\com\netflix\hystrix\hystrix-core\1.5.18\hystrix-core-1.5.18.jar;C:\Users\Jair\.m2\repository\com\netflix\hystrix\hystrix-serialization\1.5.18\hystrix-serialization-1.5.18.jar;C:\Users\Jair\.m2\repository\com\fasterxml\jackson\module\jackson-module-afterburner\2.11.3\jackson-module-afterburner-2.11.3.jar;C:\Users\Jair\.m2\repository\com\netflix\hystrix\hystrix-metrics-event-stream\1.5.18\hystrix-metrics-event-stream-1.5.18.jar;C:\Users\Jair\.m2\repository\com\netflix\hystrix\hystrix-javanica\1.5.18\hystrix-javanica-1.5.18.jar;C:\Users\Jair\.m2\repository\org\apache\commons\commons-lang3\3.10\commons-lang3-3.10.jar;C:\Users\Jair\.m2\repository\org\ow2\asm\asm\5.0.4\asm-5.0.4.jar;C:\Users\Jair\.m2\repository\org\aspectj\aspectjweaver\1.9.6\aspectjweaver-1.9.6.jar;C:\Users\Jair\.m2\repository\com\google\guava\guava\29.0-jre\guava-29.0-jre.jar;C:\Users\Jair\.m2\repository\com\google\guava\failureaccess\1.0.1\failureaccess-1.0.1.jar;C:\Users\Jair\.m2\repository\com\google\guava\listenablefuture\9999.0-empty-to-avoid-conflict-with-guava\listenablefuture-9999.0-empty-to-avoid-conflict-with-guava.jar;C:\Users\Jair\.m2\repository\org\checkerframework\checker-qual\2.11.1\checker-qual-2.11.1.jar;C:\Users\Jair\.m2\repository\com\google\errorprone\error_prone_annotations\2.3.4\error_prone_annotations-2.3.4.jar;C:\Users\Jair\.m2\repository\com\google\j2objc\j2objc-annotations\1.3\j2objc-annotations-1.3.jar;C:\Users\Jair\.m2\repository\io\reactivex\rxjava-reactive-streams\1.2.1\rxjava-reactive-streams-1.2.1.jar;C:\Users\Jair\.m2\repository\org\reactivestreams\reactive-streams\1.0.3\reactive-streams-1.0.3.jar;C:\Users\Jair\.m2\repository\org\springframework\cloud\spring-cloud-starter-netflix-ribbon\2.2.6.RELEASE\spring-cloud-starter-netflix-ribbon-2.2.6.RELEASE.jar;C:\Users\Jair\.m2\repository\com\netflix\ribbon\ribbon\2.3.0\ribbon-2.3.0.jar;C:\Users\Jair\.m2\repository\com\netflix\ribbon\ribbon-transport\2.3.0\ribbon-transport-2.3.0.jar;C:\Users\Jair\.m2\repository\io\reactivex\rxnetty-contexts\0.4.9\rxnetty-contexts-0.4.9.jar;C:\Users\Jair\.m2\repository\io\reactivex\rxnetty-servo\0.4.9\rxnetty-servo-0.4.9.jar;C:\Users\Jair\.m2\repository\io\reactivex\rxnetty\0.4.9\rxnetty-0.4.9.jar;C:\Users\Jair\.m2\repository\com\netflix\ribbon\ribbon-core\2.3.0\ribbon-core-2.3.0.jar;C:\Users\Jair\.m2\repository\commons-lang\commons-lang\2.6\commons-lang-2.6.jar;C:\Users\Jair\.m2\repository\com\netflix\ribbon\ribbon-httpclient\2.3.0\ribbon-httpclient-2.3.0.jar;C:\Users\Jair\.m2\repository\commons-collections\commons-collections\3.2.2\commons-collections-3.2.2.jar;C:\Users\Jair\.m2\repository\com\sun\jersey\jersey-client\1.19.1\jersey-client-1.19.1.jar;C:\Users\Jair\.m2\repository\com\sun\jersey\jersey-core\1.19.1\jersey-core-1.19.1.jar;C:\Users\Jair\.m2\repository\javax\ws\rs\jsr311-api\1.1.1\jsr311-api-1.1.1.jar;C:\Users\Jair\.m2\repository\com\sun\jersey\contribs\jersey-apache-client4\1.19.1\jersey-apache-client4-1.19.1.jar;C:\Users\Jair\.m2\repository\com\netflix\ribbon\ribbon-loadbalancer\2.3.0\ribbon-loadbalancer-2.3.0.jar;C:\Users\Jair\.m2\repository\com\netflix\netflix-commons\netflix-statistics\0.1.1\netflix-statistics-0.1.1.jar;C:\Users\Jair\.m2\repository\io\reactivex\rxjava\1.3.8\rxjava-1.3.8.jar;C:\Users\Jair\.m2\repository\org\springframework\cloud\spring-cloud-starter-netflix-archaius\2.2.6.RELEASE\spring-cloud-starter-netflix-archaius-2.2.6.RELEASE.jar;C:\Users\Jair\.m2\repository\org\springframework\cloud\spring-cloud-netflix-archaius\2.2.6.RELEASE\spring-cloud-netflix-archaius-2.2.6.RELEASE.jar;C:\Users\Jair\.m2\repository\com\netflix\archaius\archaius-core\0.7.6\archaius-core-0.7.6.jar;C:\Users\Jair\.m2\repository\com\google\code\findbugs\jsr305\3.0.1\jsr305-3.0.1.jar;C:\Users\Jair\.m2\repository\commons-configuration\commons-configuration\1.8\commons-configuration-1.8.jar;C:\Users\Jair\.m2\repository\com\netflix\zuul\zuul-core\1.3.1\zuul-core-1.3.1.jar;C:\Users\Jair\.m2\repository\commons-io\commons-io\2.4\commons-io-2.4.jar;C:\Users\Jair\.m2\repository\com\netflix\servo\servo-core\0.12.21\servo-core-0.12.21.jar;C:\Users\Jair\.m2\repository\co\elastic\apm\apm-agent-attach\1.20.0\apm-agent-attach-1.20.0.jar;C:\Users\Jair\.m2\repository\net\java\dev\jna\jna\5.3.1\jna-5.3.1.jar;C:\Users\Jair\.m2\repository\net\java\dev\jna\jna-platform\5.3.1\jna-platform-5.3.1.jar;C:\Users\Jair\.m2\repository\org\springframework\data\spring-data-elasticsearch\4.3.0-M3\spring-data-elasticsearch-4.3.0-M3.jar;C:\Users\Jair\.m2\repository\org\springframework\spring-context\5.2.12.RELEASE\spring-context-5.2.12.RELEASE.jar;C:\Users\Jair\.m2\repository\org\springframework\spring-tx\5.2.12.RELEASE\spring-tx-5.2.12.RELEASE.jar;C:\Users\Jair\.m2\repository\org\springframework\data\spring-data-commons\2.3.6.RELEASE\spring-data-commons-2.3.6.RELEASE.jar;C:\Users\Jair\.m2\repository\org\elasticsearch\client\transport\7.6.2\transport-7.6.2.jar;C:\Users\Jair\.m2\repository\org\elasticsearch\elasticsearch\7.6.2\elasticsearch-7.6.2.jar;C:\Users\Jair\.m2\repository\org\elasticsearch\elasticsearch-core\7.6.2\elasticsearch-core-7.6.2.jar;C:\Users\Jair\.m2\repository\org\elasticsearch\elasticsearch-secure-sm\7.6.2\elasticsearch-secure-sm-7.6.2.jar;C:\Users\Jair\.m2\repository\org\elasticsearch\elasticsearch-x-content\7.6.2\elasticsearch-x-content-7.6.2.jar;C:\Users\Jair\.m2\repository\com\fasterxml\jackson\dataformat\jackson-dataformat-smile\2.11.3\jackson-dataformat-smile-2.11.3.jar;C:\Users\Jair\.m2\repository\com\fasterxml\jackson\dataformat\jackson-dataformat-yaml\2.11.3\jackson-dataformat-yaml-2.11.3.jar;C:\Users\Jair\.m2\repository\com\fasterxml\jackson\dataformat\jackson-dataformat-cbor\2.11.3\jackson-dataformat-cbor-2.11.3.jar;C:\Users\Jair\.m2\repository\org\elasticsearch\elasticsearch-geo\7.6.2\elasticsearch-geo-7.6.2.jar;C:\Users\Jair\.m2\repository\org\apache\lucene\lucene-core\8.4.0\lucene-core-8.4.0.jar;C:\Users\Jair\.m2\repository\org\apache\lucene\lucene-analyzers-common\8.4.0\lucene-analyzers-common-8.4.0.jar;C:\Users\Jair\.m2\repository\org\apache\lucene\lucene-backward-codecs\8.4.0\lucene-backward-codecs-8.4.0.jar;C:\Users\Jair\.m2\repository\org\apache\lucene\lucene-grouping\8.4.0\lucene-grouping-8.4.0.jar;C:\Users\Jair\.m2\repository\org\apache\lucene\lucene-highlighter\8.4.0\lucene-highlighter-8.4.0.jar;C:\Users\Jair\.m2\repository\org\apache\lucene\lucene-join\8.4.0\lucene-join-8.4.0.jar;C:\Users\Jair\.m2\repository\org\apache\lucene\lucene-memory\8.4.0\lucene-memory-8.4.0.jar;C:\Users\Jair\.m2\repository\org\apache\lucene\lucene-misc\8.4.0\lucene-misc-8.4.0.jar;C:\Users\Jair\.m2\repository\org\apache\lucene\lucene-queries\8.4.0\lucene-queries-8.4.0.jar;C:\Users\Jair\.m2\repository\org\apache\lucene\lucene-queryparser\8.4.0\lucene-queryparser-8.4.0.jar;C:\Users\Jair\.m2\repository\org\apache\lucene\lucene-sandbox\8.4.0\lucene-sandbox-8.4.0.jar;C:\Users\Jair\.m2\repository\org\apache\lucene\lucene-spatial\8.4.0\lucene-spatial-8.4.0.jar;C:\Users\Jair\.m2\repository\org\apache\lucene\lucene-spatial-extras\8.4.0\lucene-spatial-extras-8.4.0.jar;C:\Users\Jair\.m2\repository\org\apache\lucene\lucene-spatial3d\8.4.0\lucene-spatial3d-8.4.0.jar;C:\Users\Jair\.m2\repository\org\apache\lucene\lucene-suggest\8.4.0\lucene-suggest-8.4.0.jar;C:\Users\Jair\.m2\repository\org\elasticsearch\elasticsearch-cli\7.6.2\elasticsearch-cli-7.6.2.jar;C:\Users\Jair\.m2\repository\net\sf\jopt-simple\jopt-simple\5.0.2\jopt-simple-5.0.2.jar;C:\Users\Jair\.m2\repository\com\carrotsearch\hppc\0.8.1\hppc-0.8.1.jar;C:\Users\Jair\.m2\repository\joda-time\joda-time\2.10.4\joda-time-2.10.4.jar;C:\Users\Jair\.m2\repository\com\tdunning\t-digest\3.2\t-digest-3.2.jar;C:\Users\Jair\.m2\repository\org\apache\logging\log4j\log4j-api\2.13.3\log4j-api-2.13.3.jar;C:\Users\Jair\.m2\repository\org\elasticsearch\jna\4.5.1\jna-4.5.1.jar;C:\Users\Jair\.m2\repository\org\elasticsearch\plugin\reindex-client\7.6.2\reindex-client-7.6.2.jar;C:\Users\Jair\.m2\repository\org\elasticsearch\elasticsearch-ssl-config\7.6.2\elasticsearch-ssl-config-7.6.2.jar;C:\Users\Jair\.m2\repository\org\elasticsearch\plugin\lang-mustache-client\7.6.2\lang-mustache-client-7.6.2.jar;C:\Users\Jair\.m2\repository\com\github\spullara\mustache\java\compiler\0.9.6\compiler-0.9.6.jar;C:\Users\Jair\.m2\repository\org\elasticsearch\plugin\percolator-client\7.6.2\percolator-client-7.6.2.jar;C:\Users\Jair\.m2\repository\org\elasticsearch\plugin\parent-join-client\7.6.2\parent-join-client-7.6.2.jar;C:\Users\Jair\.m2\repository\org\elasticsearch\plugin\rank-eval-client\7.6.2\rank-eval-client-7.6.2.jar;C:\Users\Jair\.m2\repository\org\elasticsearch\plugin\transport-netty4-client\7.6.2\transport-netty4-client-7.6.2.jar;C:\Users\Jair\.m2\repository\io\netty\netty-buffer\4.1.55.Final\netty-buffer-4.1.55.Final.jar;C:\Users\Jair\.m2\repository\io\netty\netty-codec\4.1.55.Final\netty-codec-4.1.55.Final.jar;C:\Users\Jair\.m2\repository\io\netty\netty-codec-http\4.1.55.Final\netty-codec-http-4.1.55.Final.jar;C:\Users\Jair\.m2\repository\io\netty\netty-common\4.1.55.Final\netty-common-4.1.55.Final.jar;C:\Users\Jair\.m2\repository\io\netty\netty-handler\4.1.55.Final\netty-handler-4.1.55.Final.jar;C:\Users\Jair\.m2\repository\io\netty\netty-resolver\4.1.55.Final\netty-resolver-4.1.55.Final.jar;C:\Users\Jair\.m2\repository\io\netty\netty-transport\4.1.55.Final\netty-transport-4.1.55.Final.jar;C:\Users\Jair\.m2\repository\org\elasticsearch\client\elasticsearch-rest-high-level-client\7.6.2\elasticsearch-rest-high-level-client-7.6.2.jar;C:\Users\Jair\.m2\repository\org\elasticsearch\client\elasticsearch-rest-client\7.6.2\elasticsearch-rest-client-7.6.2.jar;C:\Users\Jair\.m2\repository\org\apache\httpcomponents\httpasyncclient\4.1.4\httpasyncclient-4.1.4.jar;C:\Users\Jair\.m2\repository\org\apache\httpcomponents\httpcore-nio\4.4.14\httpcore-nio-4.4.14.jar;C:\Users\Jair\.m2\repository\org\elasticsearch\plugin\mapper-extras-client\7.6.2\mapper-extras-client-7.6.2.jar;C:\Users\Jair\.m2\repository\org\elasticsearch\plugin\aggs-matrix-stats-client\7.6.2\aggs-matrix-stats-client-7.6.2.jar;C:\Users\Jair\.m2\repository\com\fasterxml\jackson\core\jackson-core\2.11.3\jackson-core-2.11.3.jar;C:\Users\Jair\.m2\repository\com\fasterxml\jackson\core\jackson-databind\2.11.3\jackson-databind-2.11.3.jar;C:\Users\Jair\.m2\repository\com\fasterxml\jackson\core\jackson-annotations\2.11.3\jackson-annotations-2.11.3.jar;C:\Users\Jair\.m2\repository\org\slf4j\slf4j-api\1.7.30\slf4j-api-1.7.30.jar;C:\Users\Jair\.m2\repository\org\projectlombok\lombok\1.18.20\lombok-1.18.20.jar;C:\Users\Jair\.m2\repository\org\springframework\boot\spring-boot-starter-test\2.3.7.RELEASE\spring-boot-starter-test-2.3.7.RELEASE.jar;C:\Users\Jair\.m2\repository\org\springframework\boot\spring-boot-test\2.3.7.RELEASE\spring-boot-test-2.3.7.RELEASE.jar;C:\Users\Jair\.m2\repository\org\springframework\boot\spring-boot-test-autoconfigure\2.3.7.RELEASE\spring-boot-test-autoconfigure-2.3.7.RELEASE.jar;C:\Users\Jair\.m2\repository\com\jayway\jsonpath\json-path\2.4.0\json-path-2.4.0.jar;C:\Users\Jair\.m2\repository\net\minidev\json-smart\2.3\json-smart-2.3.jar;C:\Users\Jair\.m2\repository\net\minidev\accessors-smart\1.2\accessors-smart-1.2.jar;C:\Users\Jair\.m2\repository\jakarta\xml\bind\jakarta.xml.bind-api\2.3.3\jakarta.xml.bind-api-2.3.3.jar;C:\Users\Jair\.m2\repository\jakarta\activation\jakarta.activation-api\1.2.2\jakarta.activation-api-1.2.2.jar;C:\Users\Jair\.m2\repository\org\assertj\assertj-core\3.16.1\assertj-core-3.16.1.jar;C:\Users\Jair\.m2\repository\org\hamcrest\hamcrest\2.2\hamcrest-2.2.jar;C:\Users\Jair\.m2\repository\org\junit\jupiter\junit-jupiter\5.6.3\junit-jupiter-5.6.3.jar;C:\Users\Jair\.m2\repository\org\junit\jupiter\junit-jupiter-api\5.6.3\junit-jupiter-api-5.6.3.jar;C:\Users\Jair\.m2\repository\org\apiguardian\apiguardian-api\1.1.0\apiguardian-api-1.1.0.jar;C:\Users\Jair\.m2\repository\org\opentest4j\opentest4j\1.2.0\opentest4j-1.2.0.jar;C:\Users\Jair\.m2\repository\org\junit\platform\junit-platform-commons\1.6.3\junit-platform-commons-1.6.3.jar;C:\Users\Jair\.m2\repository\org\junit\jupiter\junit-jupiter-params\5.6.3\junit-jupiter-params-5.6.3.jar;C:\Users\Jair\.m2\repository\org\junit\jupiter\junit-jupiter-engine\5.6.3\junit-jupiter-engine-5.6.3.jar;C:\Users\Jair\.m2\repository\org\junit\platform\junit-platform-engine\1.6.3\junit-platform-engine-1.6.3.jar;C:\Users\Jair\.m2\repository\org\mockito\mockito-core\3.3.3\mockito-core-3.3.3.jar;C:\Users\Jair\.m2\repository\net\bytebuddy\byte-buddy\1.10.18\byte-buddy-1.10.18.jar;C:\Users\Jair\.m2\repository\net\bytebuddy\byte-buddy-agent\1.10.18\byte-buddy-agent-1.10.18.jar;C:\Users\Jair\.m2\repository\org\objenesis\objenesis\2.6\objenesis-2.6.jar;C:\Users\Jair\.m2\repository\org\mockito\mockito-junit-jupiter\3.3.3\mockito-junit-jupiter-3.3.3.jar;C:\Users\Jair\.m2\repository\org\skyscreamer\jsonassert\1.5.0\jsonassert-1.5.0.jar;C:\Users\Jair\.m2\repository\com\vaadin\external\google\android-json\0.0.20131108.vaadin1\android-json-0.0.20131108.vaadin1.jar;C:\Users\Jair\.m2\repository\org\springframework\spring-core\5.2.12.RELEASE\spring-core-5.2.12.RELEASE.jar;C:\Users\Jair\.m2\repository\org\springframework\spring-jcl\5.2.12.RELEASE\spring-jcl-5.2.12.RELEASE.jar;C:\Users\Jair\.m2\repository\org\springframework\spring-test\5.2.12.RELEASE\spring-test-5.2.12.RELEASE.jar;C:\Users\Jair\.m2\repository\org\xmlunit\xmlunit-core\2.7.0\xmlunit-core-2.7.0.jar;"/>
    <property name="sun.cpu.endian" value="little"/>
    <property name="user.home" value="C:\Users\Jair"/>
    <property name="user.language" value="es"/>
    <property name="java.specification.vendor" value="Oracle Corporation"/>
    <property name="java.home" value="C:\Program Files\Java\jdk1.8.0_291\jre"/>
    <property name="basedir" value="C:\Users\Jair\Documents\PruebasMeLi\ejemplo_proxy"/>
    <property name="file.separator" value="\"/>
    <property name="line.separator" value="&#10;"/>
    <property name="java.vm.specification.vendor" value="Oracle Corporation"/>
    <property name="java.specification.name" value="Java Platform API Specification"/>
    <property name="java.awt.graphicsenv" value="sun.awt.Win32GraphicsEnvironment"/>
    <property name="surefire.real.class.path" value="C:\Users\Jair\AppData\Local\Temp\surefire1084504514649097583\surefirebooter4702446977299475436.jar"/>
    <property name="sun.boot.class.path" value="C:\Program Files\Java\jdk1.8.0_291\jre\lib\resources.jar;C:\Program Files\Java\jdk1.8.0_291\jre\lib\rt.jar;C:\Program Files\Java\jdk1.8.0_291\jre\lib\sunrsasign.jar;C:\Program Files\Java\jdk1.8.0_291\jre\lib\jsse.jar;C:\Program Files\Java\jdk1.8.0_291\jre\lib\jce.jar;C:\Program Files\Java\jdk1.8.0_291\jre\lib\charsets.jar;C:\Program Files\Java\jdk1.8.0_291\jre\lib\jfr.jar;C:\Program Files\Java\jdk1.8.0_291\jre\classes"/>
    <property name="user.script" value=""/>
    <property name="sun.management.compiler" value="HotSpot 64-Bit Tiered Compilers"/>
    <property name="java.runtime.version" value="1.8.0_291-b10"/>
    <property name="user.name" value="Jair"/>
    <property name="path.separator" value=";"/>
    <property name="os.version" value="10.0"/>
    <property name="java.endorsed.dirs" value="C:\Program Files\Java\jdk1.8.0_291\jre\lib\endorsed"/>
    <property name="java.runtime.name" value="Java(TM) SE Runtime Environment"/>
    <property name="file.encoding" value="UTF-8"/>
    <property name="java.vm.name" value="Java HotSpot(TM) 64-Bit Server VM"/>
    <property name="maven.ext.class.path" value="C:\Program Files\NetBeans-12.0\netbeans\java\maven-nblib\netbeans-eventspy.jar"/>
    <property name="localRepository" value="C:\Users\Jair\.m2\repository"/>
    <property name="java.vendor.url.bug" value="http://bugreport.sun.com/bugreport/"/>
    <property name="java.io.tmpdir" value="C:\Users\Jair\AppData\Local\Temp\"/>
    <property name="java.version" value="1.8.0_291"/>
    <property name="user.dir" value="C:\Users\Jair\Documents\PruebasMeLi\ejemplo_proxy"/>
    <property name="os.arch" value="amd64"/>
    <property name="java.vm.specification.name" value="Java Virtual Machine Specification"/>
    <property name="java.awt.printerjob" value="sun.awt.windows.WPrinterJob"/>
    <property name="sun.os.patch.level" value=""/>
    <property name="java.library.path" value="C:\Program Files\Java\jdk1.8.0_291\jre\bin;C:\Windows\Sun\Java\bin;C:\Windows\system32;C:\Windows;C:\Program Files (x86)\Common Files\Oracle\Java\javapath;C:\Windows\system32;C:\Windows;C:\Windows\System32\Wbem;C:\Windows\System32\WindowsPowerShell\v1.0\;C:\Windows\System32\OpenSSH\;C:\Program Files\PuTTY\;C:\Program Files\Git\cmd;C:\Program Files\Docker\Docker\resources\bin;C:\ProgramData\DockerDesktop\version-bin;C:\Users\Jair\AppData\Local\Programs\Python\Python39\Scripts\;C:\Users\Jair\AppData\Local\Programs\Python\Python39\;C:\Program Files\MySQL\MySQL Shell 8.0\bin\;C:\Users\Jair\AppData\Local\Microsoft\WindowsApps;;C:\Users\Jair\AppData\Local\Programs\Microsoft VS Code\bin;C:\Program Files\heroku\bin;."/>
    <property name="java.vm.info" value="mixed mode"/>
    <property name="java.vendor" value="Oracle Corporation"/>
    <property name="java.vm.version" value="25.291-b10"/>
    <property name="java.ext.dirs" value="C:\Program Files\Java\jdk1.8.0_291\jre\lib\ext;C:\Windows\Sun\Java\lib\ext"/>
    <property name="sun.io.unicode.encoding" value="UnicodeLittle"/>
    <property name="java.class.version" value="52.0"/>
  </properties>
  <testcase name="contextLoads" classname="com.example.ejemplo_proxy.EjemploProxyApplicationTests" time="0.001"/>
</testsuite>